lecture/lecture/build/outputs/logs/manifest-merger-debug-report.txt
-- Merging decision tree log ---
manifest
ADDED from src\main\AndroidManifest.xml:2:1-89:12
	package
		ADDED from src\main\AndroidManifest.xml:3:5-32
		INJECTED from src\main\AndroidManifest.xml
		INJECTED from src\main\AndroidManifest.xml
	android:versionName
		ADDED from src\main\AndroidManifest.xml:5:5-30
		INJECTED from src\main\AndroidManifest.xml
		INJECTED from src\main\AndroidManifest.xml
	android:versionCode
		ADDED from src\main\AndroidManifest.xml:4:5-28
		INJECTED from src\main\AndroidManifest.xml
		INJECTED from src\main\AndroidManifest.xml
	xmlns:android
		ADDED from src\main\AndroidManifest.xml:2:11-69
uses-sdk
ADDED from src\main\AndroidManifest.xml:7:5-9:41
MERGED from [com.android.support:support-v4:24.1.1] AndroidManifest.xml:21:5-23:54
	tools:overrideLibrary
		ADDED from [com.android.support:support-v4:24.1.1] AndroidManifest.xml:23:9-51
	android:targetSdkVersion
		ADDED from src\main\AndroidManifest.xml:9:9-38
		INJECTED from src\main\AndroidManifest.xml
		INJECTED from src\main\AndroidManifest.xml
	android:minSdkVersion
		ADDED from src\main\AndroidManifest.xml:8:9-35
		INJECTED from src\main\AndroidManifest.xml
		INJECTED from src\main\AndroidManifest.xml
uses-permission#android.permission.WAKE_LOCK
ADDED from src\main\AndroidManifest.xml:11:5-68
MERGED from [lecture:initActivity:unspecified] AndroidManifest.xml:7:5-68
	android:name
		ADDED from src\main\AndroidManifest.xml:11:22-65
uses-permission#android.permission.INTERNET
ADDED from src\main\AndroidManifest.xml:12:5-67
MERGED from [lecture:initActivity:unspecified] AndroidManifest.xml:8:5-67
	android:name
		ADDED from src\main\AndroidManifest.xml:12:22-64
uses-permission#android.permission.ACCESS_NETWORK_STATE
ADDED from src\main\AndroidManifest.xml:13:5-79
MERGED from [lecture:initActivity:unspecified] AndroidManifest.xml:9:5-79
	android:name
		ADDED from src\main\AndroidManifest.xml:13:22-76
uses-permission#android.permission.READ_EXTERNAL_STORAGE
ADDED from src\main\AndroidManifest.xml:14:5-80
	android:name
		ADDED from src\main\AndroidManifest.xml:14:22-77
uses-permission#android.permission.WRITE_EXTERNAL_STORAGE
ADDED from src\main\AndroidManifest.xml:15:5-81
	android:name
		ADDED from src\main\AndroidManifest.xml:15:22-78
application
ADDED from src\main\AndroidManifest.xml:17:5-87:19
MERGED from [lecture:initActivity:unspecified] AndroidManifest.xml:11:5-18:19
MERGED from [com.android.support:support-v4:24.1.1] AndroidManifest.xml:25:5-20
	android:label
		ADDED from src\main\AndroidManifest.xml:20:9-41
	android:allowBackup
		ADDED from src\main\AndroidManifest.xml:18:9-35
	android:icon
		ADDED from src\main\AndroidManifest.xml:19:9-45
	android:theme
		ADDED from src\main\AndroidManifest.xml:21:9-62
activity#io.vov.vitamio.activity.InitActivity
ADDED from src\main\AndroidManifest.xml:24:9-30:63
MERGED from [lecture:initActivity:unspecified] AndroidManifest.xml:12:9-17:63
	android:screenOrientation
		ADDED from src\main\AndroidManifest.xml:28:13-49
	android:launchMode
		ADDED from src\main\AndroidManifest.xml:27:13-43
	android:windowSoftInputMode
		ADDED from src\main\AndroidManifest.xml:30:13-60
	android:configChanges
		ADDED from src\main\AndroidManifest.xml:26:13-113
	android:theme
		ADDED from src\main\AndroidManifest.xml:29:13-60
	android:name
		ADDED from src\main\AndroidManifest.xml:25:13-64
activity#com.lecture.main.StartActivity
ADDED from src\main\AndroidManifest.xml:31:9-40:20
	android:screenOrientation
		ADDED from src\main\AndroidManifest.xml:34:13-49
	android:configChanges
		ADDED from src\main\AndroidManifest.xml:33:13-59
	android:name
		ADDED from src\main\AndroidManifest.xml:32:13-58
intent-filter#android.intent.action.MAIN+android.intent.category.LAUNCHER
ADDED from src\main\AndroidManifest.xml:35:13-39:29
action#android.intent.action.MAIN
ADDED from src\main\AndroidManifest.xml:36:17-69
	android:name
		ADDED from src\main\AndroidManifest.xml:36:25-66
category#android.intent.category.LAUNCHER
ADDED from src\main\AndroidManifest.xml:38:17-77
	android:name
		ADDED from src\main\AndroidManifest.xml:38:27-74
activity#com.lecture.main.MainActivity
ADDED from src\main\AndroidManifest.xml:41:9-45:20
	android:screenOrientation
		ADDED from src\main\AndroidManifest.xml:44:13-49
	android:configChanges
		ADDED from src\main\AndroidManifest.xml:43:13-59
	android:name
		ADDED from src\main\AndroidManifest.xml:42:13-57
activity#com.lecture.item.activity.MovieAct
ADDED from src\main\AndroidManifest.xml:46:9-51:20
	android:screenOrientation
		ADDED from src\main\AndroidManifest.xml:49:13-50
	android:configChanges
		ADDED from src\main\AndroidManifest.xml:48:13-59
	android:theme
		ADDED from src\main\AndroidManifest.xml:50:13-71
	android:name
		ADDED from src\main\AndroidManifest.xml:47:13-62
activity#com.lecture.item.activity.MovieIntroAct
ADDED from src\main\AndroidManifest.xml:52:9-56:20
	android:screenOrientation
		ADDED from src\main\AndroidManifest.xml:55:13-49
	android:configChanges
		ADDED from src\main\AndroidManifest.xml:54:13-59
	android:name
		ADDED from src\main\AndroidManifest.xml:53:13-67
activity#com.lecture.item.activity.PersonHistoryAct
ADDED from src\main\AndroidManifest.xml:57:9-61:20
	android:screenOrientation
		ADDED from src\main\AndroidManifest.xml:60:13-49
	android:configChanges
		ADDED from src\main\AndroidManifest.xml:59:13-59
	android:name
		ADDED from src\main\AndroidManifest.xml:58:13-70
activity#com.lecture.item.activity.PersonDownloadAct
ADDED from src\main\AndroidManifest.xml:62:9-66:20
	android:screenOrientation
		ADDED from src\main\AndroidManifest.xml:65:13-49
	android:configChanges
		ADDED from src\main\AndroidManifest.xml:64:13-59
	android:name
		ADDED from src\main\AndroidManifest.xml:63:13-71
activity#com.lecture.item.activity.PersonAboutAct
ADDED from src\main\AndroidManifest.xml:67:9-71:20
	android:screenOrientation
		ADDED from src\main\AndroidManifest.xml:70:13-49
	android:configChanges
		ADDED from src\main\AndroidManifest.xml:69:13-59
	android:name
		ADDED from src\main\AndroidManifest.xml:68:13-68
activity#com.lecture.item.activity.PersonDownloadingAct
ADDED from src\main\AndroidManifest.xml:72:9-76:20
	android:screenOrientation
		ADDED from src\main\AndroidManifest.xml:75:13-49
	android:configChanges
		ADDED from src\main\AndroidManifest.xml:74:13-59
	android:name
		ADDED from src\main\AndroidManifest.xml:73:13-74
activity#com.lecture.item.activity.MoreAct
ADDED from src\main\AndroidManifest.xml:77:9-81:20
	android:screenOrientation
		ADDED from src\main\AndroidManifest.xml:80:13-49
	android:configChanges
		ADDED from src\main\AndroidManifest.xml:79:13-59
	android:name
		ADDED from src\main\AndroidManifest.xml:78:13-61
activity#com.lecture.item.activity.ClassifyAct
ADDED from src\main\AndroidManifest.xml:82:9-86:20
	android:screenOrientation
		ADDED from src\main\AndroidManifest.xml:85:13-49
	android:configChanges
		ADDED from src\main\AndroidManifest.xml:84:13-59
	android:name
		ADDED from src\main\AndroidManifest.xml:83:13-65
android:uses-permission#android.permission.READ_PHONE_STATE
IMPLIED from src\main\AndroidManifest.xml:2:1-89:12 reason: io.vov.vitamio has a targetSdkVersion < 4